Determining if the pthread_create exist failed with the following output:
Change Dir: /home/uwme/Desktop/zed-aruco/mono/build/CMakeFiles/CMakeTmp

Run Build Command:"/usr/bin/make" "cmTC_655a2/fast"
/usr/bin/make -f CMakeFiles/cmTC_655a2.dir/build.make CMakeFiles/cmTC_655a2.dir/build
make[1]: Entering directory '/home/uwme/Desktop/zed-aruco/mono/build/CMakeFiles/CMakeTmp'
Building C object CMakeFiles/cmTC_655a2.dir/CheckSymbolExists.c.o
/usr/bin/cc    -o CMakeFiles/cmTC_655a2.dir/CheckSymbolExists.c.o   -c /home/uwme/Desktop/zed-aruco/mono/build/CMakeFiles/CMakeTmp/CheckSymbolExists.c
Linking C executable cmTC_655a2
/usr/bin/cmake -E cmake_link_script CMakeFiles/cmTC_655a2.dir/link.txt --verbose=1
/usr/bin/cc      -rdynamic CMakeFiles/cmTC_655a2.dir/CheckSymbolExists.c.o  -o cmTC_655a2 
CMakeFiles/cmTC_655a2.dir/CheckSymbolExists.c.o: In function `main':
CheckSymbolExists.c:(.text+0x14): undefined reference to `pthread_create'
CheckSymbolExists.c:(.text+0x18): undefined reference to `pthread_create'
collect2: error: ld returned 1 exit status
CMakeFiles/cmTC_655a2.dir/build.make:97: recipe for target 'cmTC_655a2' failed
make[1]: *** [cmTC_655a2] Error 1
make[1]: Leaving directory '/home/uwme/Desktop/zed-aruco/mono/build/CMakeFiles/CMakeTmp'
Makefile:126: recipe for target 'cmTC_655a2/fast' failed
make: *** [cmTC_655a2/fast] Error 2

File /home/uwme/Desktop/zed-aruco/mono/build/CMakeFiles/CMakeTmp/CheckSymbolExists.c:
/* */
#include <pthread.h>

int main(int argc, char** argv)
{
  (void)argv;
#ifndef pthread_create
  return ((int*)(&pthread_create))[argc];
#else
  (void)argc;
  return 0;
#endif
}

Determining if the function pthread_create exists in the pthreads failed with the following output:
Change Dir: /home/uwme/Desktop/zed-aruco/mono/build/CMakeFiles/CMakeTmp

Run Build Command:"/usr/bin/make" "cmTC_07d5f/fast"
/usr/bin/make -f CMakeFiles/cmTC_07d5f.dir/build.make CMakeFiles/cmTC_07d5f.dir/build
make[1]: Entering directory '/home/uwme/Desktop/zed-aruco/mono/build/CMakeFiles/CMakeTmp'
Building C object CMakeFiles/cmTC_07d5f.dir/CheckFunctionExists.c.o
/usr/bin/cc   -DCHECK_FUNCTION_EXISTS=pthread_create   -o CMakeFiles/cmTC_07d5f.dir/CheckFunctionExists.c.o   -c /usr/share/cmake-3.10/Modules/CheckFunctionExists.c
Linking C executable cmTC_07d5f
/usr/bin/cmake -E cmake_link_script CMakeFiles/cmTC_07d5f.dir/link.txt --verbose=1
/usr/bin/cc  -DCHECK_FUNCTION_EXISTS=pthread_create    -rdynamic CMakeFiles/cmTC_07d5f.dir/CheckFunctionExists.c.o  -o cmTC_07d5f -lpthreads 
/usr/bin/ld: cannot find -lpthreads
collect2: error: ld returned 1 exit status
CMakeFiles/cmTC_07d5f.dir/build.make:97: recipe for target 'cmTC_07d5f' failed
make[1]: *** [cmTC_07d5f] Error 1
make[1]: Leaving directory '/home/uwme/Desktop/zed-aruco/mono/build/CMakeFiles/CMakeTmp'
Makefile:126: recipe for target 'cmTC_07d5f/fast' failed
make: *** [cmTC_07d5f/fast] Error 2


